{"/Users/user/Desktop/Teju/coding/lockeBio/oder-service/src/ApiConstants.ts": {"path":"/Users/user/Desktop/Teju/coding/lockeBio/oder-service/src/ApiConstants.ts","statementMap":{"0":{"start":{"line":1,"column":0},"end":{"line":1,"column":null}},"1":{"start":{"line":2,"column":0},"end":{"line":2,"column":null}},"2":{"start":{"line":3,"column":0},"end":{"line":3,"column":null}},"3":{"start":{"line":4,"column":0},"end":{"line":4,"column":null}},"4":{"start":{"line":5,"column":0},"end":{"line":5,"column":null}},"5":{"start":{"line":6,"column":0},"end":{"line":6,"column":null}},"6":{"start":{"line":7,"column":0},"end":{"line":7,"column":null}},"7":{"start":{"line":8,"column":0},"end":{"line":8,"column":null}},"8":{"start":{"line":9,"column":0},"end":{"line":9,"column":null}},"9":{"start":{"line":10,"column":0},"end":{"line":10,"column":null}}},"fnMap":{"0":{"name":"(anonymous_0)","decl":{"start":{"line":1,"column":0},"end":{"line":1,"column":12}},"loc":{"start":{"line":1,"column":21},"end":{"line":11,"column":1}}}},"branchMap":{"0":{"loc":{"start":{"line":1,"column":12},"end":{"line":1,"column":null}},"type":"binary-expr","locations":[{"start":{"line":1,"column":12},"end":{"line":1,"column":21}},{"start":{"line":1,"column":21},"end":{"line":1,"column":null}}]}},"s":{"0":2,"1":2,"2":2,"3":2,"4":2,"5":2,"6":2,"7":2,"8":2,"9":2},"f":{"0":2},"b":{"0":[2,2]}}
,"/Users/user/Desktop/Teju/coding/lockeBio/oder-service/src/services/orderService.ts": {"path":"/Users/user/Desktop/Teju/coding/lockeBio/oder-service/src/services/orderService.ts","statementMap":{"0":{"start":{"line":1,"column":0},"end":{"line":1,"column":44}},"1":{"start":{"line":5,"column":10},"end":{"line":5,"column":31}},"2":{"start":{"line":9,"column":4},"end":{"line":11,"column":5}},"3":{"start":{"line":10,"column":6},"end":{"line":10,"column":68}},"4":{"start":{"line":13,"column":25},"end":{"line":17,"column":6}},"5":{"start":{"line":18,"column":4},"end":{"line":18,"column":28}},"6":{"start":{"line":19,"column":4},"end":{"line":19,"column":17}},"7":{"start":{"line":23,"column":4},"end":{"line":23,"column":23}},"8":{"start":{"line":4,"column":0},"end":{"line":4,"column":13}}},"fnMap":{"0":{"name":"(anonymous_0)","decl":{"start":{"line":4,"column":0},"end":{"line":4,"column":13}},"loc":{"start":{"line":4,"column":0},"end":{"line":26,"column":1}}},"1":{"name":"(anonymous_1)","decl":{"start":{"line":7,"column":2},"end":{"line":7,"column":22}},"loc":{"start":{"line":7,"column":66},"end":{"line":20,"column":3}}},"2":{"name":"(anonymous_2)","decl":{"start":{"line":22,"column":2},"end":{"line":22,"column":19}},"loc":{"start":{"line":22,"column":19},"end":{"line":24,"column":3}}}},"branchMap":{"0":{"loc":{"start":{"line":9,"column":4},"end":{"line":11,"column":5}},"type":"if","locations":[{"start":{"line":9,"column":4},"end":{"line":11,"column":5}}]}},"s":{"0":1,"1":4,"2":2,"3":1,"4":1,"5":1,"6":1,"7":3,"8":1},"f":{"0":4,"1":2,"2":3},"b":{"0":[1]}}
,"/Users/user/Desktop/Teju/coding/lockeBio/oder-service/src/services/pharmacyService.ts": {"path":"/Users/user/Desktop/Teju/coding/lockeBio/oder-service/src/services/pharmacyService.ts","statementMap":{"0":{"start":{"line":1,"column":0},"end":{"line":1,"column":45}},"1":{"start":{"line":3,"column":0},"end":{"line":3,"column":44}},"2":{"start":{"line":12,"column":2},"end":{"line":17,"column":4}},"3":{"start":{"line":12,"column":52},"end":{"line":17,"column":4}},"4":{"start":{"line":13,"column":40},"end":{"line":14,"column":null}},"5":{"start":{"line":16,"column":4},"end":{"line":16,"column":29}},"6":{"start":{"line":19,"column":2},"end":{"line":31,"column":4}},"7":{"start":{"line":22,"column":30},"end":{"line":31,"column":4}},"8":{"start":{"line":23,"column":33},"end":{"line":23,"column":108}},"9":{"start":{"line":24,"column":42},"end":{"line":25,"column":44}},"10":{"start":{"line":27,"column":8},"end":{"line":29,"column":9}},"11":{"start":{"line":28,"column":10},"end":{"line":28,"column":59}},"12":{"start":{"line":30,"column":6},"end":{"line":30,"column":31}},"13":{"start":{"line":33,"column":2},"end":{"line":42,"column":4}},"14":{"start":{"line":33,"column":69},"end":{"line":42,"column":4}},"15":{"start":{"line":34,"column":31},"end":{"line":34,"column":95}},"16":{"start":{"line":35,"column":27},"end":{"line":36,"column":null}},"17":{"start":{"line":38,"column":6},"end":{"line":40,"column":7}},"18":{"start":{"line":39,"column":8},"end":{"line":39,"column":57}},"19":{"start":{"line":41,"column":6},"end":{"line":41,"column":31}},"20":{"start":{"line":44,"column":2},"end":{"line":55,"column":4}},"21":{"start":{"line":47,"column":30},"end":{"line":55,"column":4}},"22":{"start":{"line":48,"column":37},"end":{"line":48,"column":101}},"23":{"start":{"line":49,"column":38},"end":{"line":50,"column":59}},"24":{"start":{"line":51,"column":8},"end":{"line":53,"column":9}},"25":{"start":{"line":52,"column":10},"end":{"line":52,"column":59}},"26":{"start":{"line":54,"column":6},"end":{"line":54,"column":31}},"27":{"start":{"line":9,"column":4},"end":{"line":9,"column":27}},"28":{"start":{"line":6,"column":0},"end":{"line":6,"column":13}}},"fnMap":{"0":{"name":"(anonymous_8)","decl":{"start":{"line":8,"column":2},"end":{"line":8,"column":14}},"loc":{"start":{"line":8,"column":29},"end":{"line":10,"column":3}}},"1":{"name":"(anonymous_9)","decl":{"start":{"line":12,"column":20},"end":{"line":12,"column":50}},"loc":{"start":{"line":12,"column":52},"end":{"line":17,"column":4}}},"2":{"name":"(anonymous_10)","decl":{"start":{"line":12,"column":52},"end":{"line":12,"column":null}},"loc":{"start":{"line":12,"column":52},"end":{"line":17,"column":3}}},"3":{"name":"(anonymous_11)","decl":{"start":{"line":19,"column":17},"end":{"line":19,"column":null}},"loc":{"start":{"line":22,"column":30},"end":{"line":31,"column":4}}},"4":{"name":"(anonymous_12)","decl":{"start":{"line":22,"column":30},"end":{"line":22,"column":null}},"loc":{"start":{"line":22,"column":30},"end":{"line":31,"column":3}}},"5":{"name":"(anonymous_13)","decl":{"start":{"line":33,"column":14},"end":{"line":33,"column":21}},"loc":{"start":{"line":33,"column":69},"end":{"line":42,"column":4}}},"6":{"name":"(anonymous_14)","decl":{"start":{"line":33,"column":69},"end":{"line":33,"column":null}},"loc":{"start":{"line":33,"column":69},"end":{"line":42,"column":3}}},"7":{"name":"(anonymous_15)","decl":{"start":{"line":44,"column":16},"end":{"line":44,"column":null}},"loc":{"start":{"line":47,"column":30},"end":{"line":55,"column":4}}},"8":{"name":"(anonymous_16)","decl":{"start":{"line":47,"column":30},"end":{"line":47,"column":null}},"loc":{"start":{"line":47,"column":30},"end":{"line":55,"column":3}}}},"branchMap":{"0":{"loc":{"start":{"line":27,"column":8},"end":{"line":29,"column":9}},"type":"if","locations":[{"start":{"line":27,"column":8},"end":{"line":29,"column":9}}]},"1":{"loc":{"start":{"line":38,"column":6},"end":{"line":40,"column":7}},"type":"if","locations":[{"start":{"line":38,"column":6},"end":{"line":40,"column":7}}]},"2":{"loc":{"start":{"line":51,"column":8},"end":{"line":53,"column":9}},"type":"if","locations":[{"start":{"line":51,"column":8},"end":{"line":53,"column":9}}]},"3":{"loc":{"start":{"line":54,"column":13},"end":{"line":54,"column":30}},"type":"binary-expr","locations":[{"start":{"line":54,"column":13},"end":{"line":54,"column":26}},{"start":{"line":54,"column":28},"end":{"line":54,"column":30}}]}},"s":{"0":1,"1":1,"2":3,"3":2,"4":2,"5":1,"6":3,"7":3,"8":3,"9":3,"10":2,"11":1,"12":1,"13":3,"14":3,"15":3,"16":3,"17":2,"18":1,"19":1,"20":3,"21":3,"22":3,"23":3,"24":2,"25":0,"26":1,"27":3,"28":1},"f":{"0":3,"1":2,"2":2,"3":3,"4":3,"5":3,"6":3,"7":3,"8":3},"b":{"0":[1],"1":[1],"2":[0],"3":[1,0]}}
,"/Users/user/Desktop/Teju/coding/lockeBio/oder-service/src/types/env.ts": {"path":"/Users/user/Desktop/Teju/coding/lockeBio/oder-service/src/types/env.ts","statementMap":{"0":{"start":{"line":1,"column":0},"end":{"line":1,"column":null}},"1":{"start":{"line":2,"column":4},"end":{"line":2,"column":null}}},"fnMap":{"0":{"name":"(anonymous_0)","decl":{"start":{"line":1,"column":0},"end":{"line":1,"column":12}},"loc":{"start":{"line":1,"column":20},"end":{"line":3,"column":1}}}},"branchMap":{"0":{"loc":{"start":{"line":1,"column":12},"end":{"line":1,"column":null}},"type":"binary-expr","locations":[{"start":{"line":1,"column":12},"end":{"line":1,"column":20}},{"start":{"line":1,"column":20},"end":{"line":1,"column":null}}]}},"s":{"0":1,"1":1},"f":{"0":1},"b":{"0":[1,1]}}
,"/Users/user/Desktop/Teju/coding/lockeBio/oder-service/src/utils/env.ts": {"path":"/Users/user/Desktop/Teju/coding/lockeBio/oder-service/src/utils/env.ts","statementMap":{"0":{"start":{"line":1,"column":0},"end":{"line":1,"column":54}},"1":{"start":{"line":3,"column":19},"end":{"line":10,"column":1}},"2":{"start":{"line":4,"column":2},"end":{"line":9,"column":3}},"3":{"start":{"line":6,"column":6},"end":{"line":6,"column":26}},"4":{"start":{"line":8,"column":10},"end":{"line":8,"column":30}},"5":{"start":{"line":12,"column":13},"end":{"line":16,"column":2}}},"fnMap":{"0":{"name":"(anonymous_0)","decl":{"start":{"line":3,"column":19},"end":{"line":3,"column":31}},"loc":{"start":{"line":3,"column":33},"end":{"line":10,"column":1}}}},"branchMap":{"0":{"loc":{"start":{"line":4,"column":2},"end":{"line":9,"column":3}},"type":"switch","locations":[{"start":{"line":5,"column":4},"end":{"line":6,"column":26}},{"start":{"line":7,"column":6},"end":{"line":8,"column":30}}]},"1":{"loc":{"start":{"line":4,"column":10},"end":{"line":4,"column":45}},"type":"cond-expr","locations":[{"start":{"line":4,"column":30},"end":{"line":4,"column":32}},{"start":{"line":4,"column":30},"end":{"line":4,"column":45}}]},"2":{"loc":{"start":{"line":4,"column":10},"end":{"line":4,"column":32}},"type":"binary-expr","locations":[{"start":{"line":4,"column":10},"end":{"line":4,"column":32}},{"start":{"line":4,"column":30},"end":{"line":4,"column":32}}]},"3":{"loc":{"start":{"line":14,"column":17},"end":{"line":14,"column":43}},"type":"binary-expr","locations":[{"start":{"line":14,"column":17},"end":{"line":14,"column":33}},{"start":{"line":14,"column":37},"end":{"line":14,"column":43}}]},"4":{"loc":{"start":{"line":15,"column":20},"end":{"line":15,"column":129}},"type":"binary-expr","locations":[{"start":{"line":15,"column":20},"end":{"line":15,"column":49}},{"start":{"line":15,"column":51},"end":{"line":15,"column":129}}]}},"s":{"0":1,"1":1,"2":1,"3":0,"4":1,"5":1},"f":{"0":1},"b":{"0":[0,1],"1":[0,1],"2":[1,1],"3":[1,1],"4":[1,1]}}
}
