TN:
SF:src/ApiConstants.ts
FN:1,(anonymous_0)
FNF:1
FNH:1
FNDA:2,(anonymous_0)
DA:1,2
DA:2,2
DA:3,2
DA:4,2
DA:5,2
DA:6,2
DA:7,2
DA:8,2
DA:9,2
DA:10,2
LF:10
LH:10
BRDA:1,0,0,2
BRDA:1,0,1,2
BRF:2
BRH:2
end_of_record
TN:
SF:src/services/orderService.ts
FN:4,(anonymous_0)
FN:7,(anonymous_1)
FN:22,(anonymous_2)
FNF:3
FNH:3
FNDA:4,(anonymous_0)
FNDA:2,(anonymous_1)
FNDA:3,(anonymous_2)
DA:1,1
DA:4,1
DA:5,4
DA:9,2
DA:10,1
DA:13,1
DA:18,1
DA:19,1
DA:23,3
LF:9
LH:9
BRDA:9,0,0,1
BRF:1
BRH:1
end_of_record
TN:
SF:src/services/pharmacyService.ts
FN:8,(anonymous_8)
FN:12,(anonymous_9)
FN:12,(anonymous_10)
FN:19,(anonymous_11)
FN:22,(anonymous_12)
FN:33,(anonymous_13)
FN:33,(anonymous_14)
FN:44,(anonymous_15)
FN:47,(anonymous_16)
FNF:9
FNH:9
FNDA:3,(anonymous_8)
FNDA:2,(anonymous_9)
FNDA:2,(anonymous_10)
FNDA:3,(anonymous_11)
FNDA:3,(anonymous_12)
FNDA:3,(anonymous_13)
FNDA:3,(anonymous_14)
FNDA:3,(anonymous_15)
FNDA:3,(anonymous_16)
DA:1,1
DA:3,1
DA:6,1
DA:9,3
DA:12,3
DA:13,2
DA:16,1
DA:19,3
DA:22,3
DA:23,3
DA:24,3
DA:27,2
DA:28,1
DA:30,1
DA:33,3
DA:34,3
DA:35,3
DA:38,2
DA:39,1
DA:41,1
DA:44,3
DA:47,3
DA:48,3
DA:49,3
DA:51,2
DA:52,0
DA:54,1
LF:27
LH:26
BRDA:27,0,0,1
BRDA:38,1,0,1
BRDA:51,2,0,0
BRDA:54,3,0,1
BRDA:54,3,1,0
BRF:5
BRH:3
end_of_record
TN:
SF:src/types/env.ts
FN:1,(anonymous_0)
FNF:1
FNH:1
FNDA:1,(anonymous_0)
DA:1,1
DA:2,1
LF:2
LH:2
BRDA:1,0,0,1
BRDA:1,0,1,1
BRF:2
BRH:2
end_of_record
TN:
SF:src/utils/env.ts
FN:3,(anonymous_0)
FNF:1
FNH:1
FNDA:1,(anonymous_0)
DA:1,1
DA:3,1
DA:4,1
DA:6,0
DA:8,1
DA:12,1
LF:6
LH:5
BRDA:4,0,0,0
BRDA:4,0,1,1
BRDA:4,1,0,0
BRDA:4,1,1,1
BRDA:4,2,0,1
BRDA:4,2,1,1
BRDA:14,3,0,1
BRDA:14,3,1,1
BRDA:15,4,0,1
BRDA:15,4,1,1
BRF:10
BRH:8
end_of_record
